<beans xmlns="http://www.springframework.org/schema/beans"
       xmlns:amq="http://activemq.apache.org/schema/core"
       xmlns:xsi="http://www.w3.org/2001/XMLSchema-instance"
       xsi:schemaLocation="http://www.springframework.org/schema/beans http://www.springframework.org/schema/beans/spring-beans.xsd
                           http://activemq.apache.org/schema/core http://activemq.apache.org/schema/core/activemq-core.xsd">

  <bean id="activemq" class="org.apache.activemq.camel.component.ActiveMQComponent" >
    <property name="brokerURL" value="vm://amq"/>
  </bean>
  
  <amq:broker brokerName="amq" 
              deleteAllMessagesOnStartup="true" 
              persistent="false" 
              dataDirectory="./target/activemq-data"/>
  
</beans>